<?xml version="1.0" encoding="UTF-8"?>
<!-- Generated by org.testng.reporters.JUnitReportReporter -->
<testsuite skipped="0" hostname="DESKTOP-CMMV3H6" name="com.TestNG_Programs.Parameter_Testng" tests="2" failures="0" timestamp="2021-07-07T01:55:33 IST" time="0.011" errors="0">
  <testcase name="username" time="0.001" classname="com.TestNG_Programs.Parameter_Testng"/>
  <testcase name="password" time="0.010" classname="com.TestNG_Programs.Parameter_Testng"/>
</testsuite> <!-- com.TestNG_Programs.Parameter_Testng -->
