<?xml version="1.0" encoding="UTF-8"?>
<!-- Generated by org.testng.reporters.JUnitReportReporter -->
<testsuite skipped="0" hostname="DESKTOP-CMMV3H6" name="com.TestNG_Programs.stcm_test" tests="3" failures="0" timestamp="2021-07-06T00:28:03 IST" time="0.026" errors="0">
  <testcase name="empPhone" time="0.002" classname="com.TestNG_Programs.stcm_test"/>
  <testcase name="empName" time="0.017" classname="com.TestNG_Programs.stcm_test"/>
  <testcase name="empSalary" time="0.007" classname="com.TestNG_Programs.stcm_test"/>
</testsuite> <!-- com.TestNG_Programs.stcm_test -->
