<?xml version="1.0" encoding="UTF-8"?>
<!-- Generated by org.testng.reporters.JUnitReportReporter -->
<testsuite skipped="0" hostname="DESKTOP-CMMV3H6" name="com.TestNG_Programs.Check" tests="1" failures="0" timestamp="2021-07-03T10:22:04 IST" time="0.016" errors="0">
  <testcase name="testing" time="0.016" classname="com.TestNG_Programs.Check"/>
</testsuite> <!-- com.TestNG_Programs.Check -->
