<?xml version="1.0" encoding="UTF-8"?>
<!-- Generated by org.testng.reporters.JUnitReportReporter -->
<testsuite skipped="0" hostname="DESKTOP-CMMV3H6" name="com.TestNG_Programs.Testng_ParallelTest" tests="2" failures="0" timestamp="2021-07-07T01:16:25 IST" time="19.578" errors="0">
  <testcase name="instagram" time="9.805" classname="com.TestNG_Programs.Testng_ParallelTest"/>
  <testcase name="facebook" time="9.773" classname="com.TestNG_Programs.Testng_ParallelTest"/>
</testsuite> <!-- com.TestNG_Programs.Testng_ParallelTest -->
